0 info it worked if it ends with ok
1 verbose cli [ '/usr/local/Cellar/node/7.0.0/bin/node',
1 verbose cli   '/usr/local/bin/npm',
1 verbose cli   'start' ]
2 info using npm@3.10.8
3 info using node@v7.0.0
4 verbose run-script [ 'prestart', 'start', 'poststart' ]
5 info lifecycle angular2-socketio-chat-example@1.0.3~prestart: angular2-socketio-chat-example@1.0.3
6 silly lifecycle angular2-socketio-chat-example@1.0.3~prestart: no script for prestart, continuing
7 info lifecycle angular2-socketio-chat-example@1.0.3~start: angular2-socketio-chat-example@1.0.3
8 verbose lifecycle angular2-socketio-chat-example@1.0.3~start: unsafe-perm in lifecycle true
9 verbose lifecycle angular2-socketio-chat-example@1.0.3~start: PATH: /usr/local/lib/node_modules/npm/bin/node-gyp-bin:/Users/gotaejong/projects/WorkspacesHTML5/tmsg-v3/node_modules/.bin:/usr/local/Cellar/node/7.0.0/bin:/usr/local/bin:/usr/bin:/bin:/usr/sbin:/sbin:/Users/gotaejong/projects/mongodb-osx-x86_64-3.2.10/bin
10 verbose lifecycle angular2-socketio-chat-example@1.0.3~start: CWD: /Users/gotaejong/projects/WorkspacesHTML5/tmsg-v3
11 silly lifecycle angular2-socketio-chat-example@1.0.3~start: Args: [ '-c', 'node target/assets/js/server.js' ]
12 silly lifecycle angular2-socketio-chat-example@1.0.3~start: Returned: code: 1  signal: null
13 info lifecycle angular2-socketio-chat-example@1.0.3~start: Failed to exec start script
14 verbose stack Error: angular2-socketio-chat-example@1.0.3 start: `node target/assets/js/server.js`
14 verbose stack Exit status 1
14 verbose stack     at EventEmitter.<anonymous> (/usr/local/lib/node_modules/npm/lib/utils/lifecycle.js:255:16)
14 verbose stack     at emitTwo (events.js:106:13)
14 verbose stack     at EventEmitter.emit (events.js:191:7)
14 verbose stack     at ChildProcess.<anonymous> (/usr/local/lib/node_modules/npm/lib/utils/spawn.js:40:14)
14 verbose stack     at emitTwo (events.js:106:13)
14 verbose stack     at ChildProcess.emit (events.js:191:7)
14 verbose stack     at maybeClose (internal/child_process.js:877:16)
14 verbose stack     at Process.ChildProcess._handle.onexit (internal/child_process.js:226:5)
15 verbose pkgid angular2-socketio-chat-example@1.0.3
16 verbose cwd /Users/gotaejong/projects/WorkspacesHTML5/tmsg-v3
17 error Darwin 16.4.0
18 error argv "/usr/local/Cellar/node/7.0.0/bin/node" "/usr/local/bin/npm" "start"
19 error node v7.0.0
20 error npm  v3.10.8
21 error code ELIFECYCLE
22 error angular2-socketio-chat-example@1.0.3 start: `node target/assets/js/server.js`
22 error Exit status 1
23 error Failed at the angular2-socketio-chat-example@1.0.3 start script 'node target/assets/js/server.js'.
23 error Make sure you have the latest version of node.js and npm installed.
23 error If you do, this is most likely a problem with the angular2-socketio-chat-example package,
23 error not with npm itself.
23 error Tell the author that this fails on your system:
23 error     node target/assets/js/server.js
23 error You can get information on how to open an issue for this project with:
23 error     npm bugs angular2-socketio-chat-example
23 error Or if that isn't available, you can get their info via:
23 error     npm owner ls angular2-socketio-chat-example
23 error There is likely additional logging output above.
24 verbose exit [ 1, true ]
